$**************  SCADETOC Version 2019 R2 (build 20190418) **************
** Generation date: 2019-11-01T16:18:47
** Command: scade -code "C:\Users\Max\SCADE\STAGIOPTR\STAGIOPTR.etp" -root HumiditySensor::humiditySensor -conf Simulation -build -all
*************************************************************$
*** Generated Files Information (GENFIL): KCG- Generated files
  at file C:\Users\Max\SCADE\STAGIOPTR\Simulation\mapping.xml, line 0, character 0
 ~mapping.xml
  at file C:\Users\Max\SCADE\STAGIOPTR\Simulation\kcg_metrics.txt, line 0, character 0
 ~kcg_metrics.txt
  at file C:\Users\Max\SCADE\STAGIOPTR\Simulation\humiditySensor_HumiditySensor.c, line 0, character 0
 ~humiditySensor_HumiditySensor.c
  at file C:\Users\Max\SCADE\STAGIOPTR\Simulation\humiditySensor_HumiditySensor.h, line 0, character 0
 ~humiditySensor_HumiditySensor.h
  at file C:\Users\Max\SCADE\STAGIOPTR\Simulation\kcg_types.h, line 0, character 0
 ~kcg_types.h
  at file C:\Users\Max\SCADE\STAGIOPTR\Simulation\kcg_consts.h, line 0, character 0
 ~kcg_consts.h
  at file C:\Users\Max\SCADE\STAGIOPTR\Simulation\kcg_sensors.h, line 0, character 0
 ~kcg_sensors.h
  at file C:\Users\Max\SCADE\STAGIOPTR\Simulation\kcg_types.c, line 0, character 0
 ~kcg_types.c
  at file C:\Users\Max\SCADE\STAGIOPTR\Simulation\kcg_consts.c, line 0, character 0
 ~kcg_consts.c
  at file C:\Users\Max\SCADE\STAGIOPTR\Simulation\config.txt, line 0, character 0
 ~config.txt
*** Generated Files Information (GENFIL): Code Generator Generated files
  at file C:\Users\Max\SCADE\STAGIOPTR\Simulation\user_macros.h, line 0, character 0
 ~user_macros.h
  at file C:\Users\Max\SCADE\STAGIOPTR\Simulation\kcg_imported_types.h, line 0, character 0
 ~kcg_imported_types.h
  at file C:\Users\Max\SCADE\STAGIOPTR\Simulation\sc2c.log, line 0, character 0
 ~sc2c.log
  at file C:\Users\Max\SCADE\STAGIOPTR\Simulation\sc2c_integration_files.txt, line 0, character 0
 ~sc2c_integration_files.txt
*** Generated Files Information (GENFIL): Type Utils Generated files
  at file C:\Users\Max\SCADE\STAGIOPTR\Simulation\STAGIOPTR_type.h, line 0, character 0
 ~STAGIOPTR_type.h
  at file C:\Users\Max\SCADE\STAGIOPTR\Simulation\STAGIOPTR_type.c, line 0, character 0
 ~STAGIOPTR_type.c
*** Generated Files Information (GENFIL): Mapping Utils Generated files
  at file C:\Users\Max\SCADE\STAGIOPTR\Simulation\STAGIOPTR_mapping.h, line 0, character 0
 ~STAGIOPTR_mapping.h
  at file C:\Users\Max\SCADE\STAGIOPTR\Simulation\STAGIOPTR_mapping.c, line 0, character 0
 ~STAGIOPTR_mapping.c
*** Generated Files Information (GENFIL): Simulator Generated files
  at file C:\Users\Max\SCADE\STAGIOPTR\Simulation\STAGIOPTR_interface.h, line 0, character 0
 ~STAGIOPTR_interface.h
  at file C:\Users\Max\SCADE\STAGIOPTR\Simulation\STAGIOPTR_interface.c, line 0, character 0
 ~STAGIOPTR_interface.c
  at file C:\Users\Max\SCADE\STAGIOPTR\Simulation\STAGIOPTR_dll.c, line 0, character 0
 ~STAGIOPTR_dll.c
*** Generated Files Information (GENFIL): Build Generated files
  at file C:\Users\Max\SCADE\STAGIOPTR\Simulation\Makefile_win64, line 0, character 0
 ~Makefile_win64
  at file C:\Users\Max\SCADE\STAGIOPTR\Simulation\HumiditySensor__humiditySensor.dll, line 0, character 0
 ~HumiditySensor__humiditySensor.dll
  at file C:\Users\Max\SCADE\STAGIOPTR\Simulation\HumiditySensor__humiditySensor.exe, line 0, character 0
 ~HumiditySensor__humiditySensor.exe
$**************  SCADETOC Version 2019 R2 (build 20190418) **************
** Generation date: 2019-11-01T16:19:02
** sc2c.log
*************************************************************$
